<?xml version="1.0" encoding="UTF-8"?>
<!-- Generated by org.testng.reporters.JUnitReportReporter -->
<testsuite skipped="0" hostname="LAPTOP-9SAO9B6V" name="com.inetbanking.testCases.TC_LoginTest_001" tests="1" failures="0" timestamp="11 Feb 2021 01:13:50 GMT" time="4.330" errors="0">
  <testcase name="loginTest" time="4.330" classname="com.inetbanking.testCases.TC_LoginTest_001"/>
</testsuite> <!-- com.inetbanking.testCases.TC_LoginTest_001 -->
